#
# A fatal error has been detected by the Java Runtime Environment:
#
#  SIGSEGV (0xb) at pc=0x0000000129fb8fc7, pid=67769, tid=0x000000000000d807
#
# JRE version: Java(TM) SE Runtime Environment (8.0_202-b08) (build 1.8.0_202-b08)
# Java VM: Java HotSpot(TM) 64-Bit Server VM (25.202-b08 mixed mode bsd-amd64 compressed oops)
# Problematic frame:
# C  [libawt_lwawt.dylib+0x1cfc7]  OGLSD_SetScratchSurface+0x49
#
# Failed to write core dump. Core dumps have been disabled. To enable core dumping, try "ulimit -c unlimited" before starting Java again
#
# If you would like to submit a bug report, please visit:
#   http://bugreport.java.com/bugreport/crash.jsp
# The crash happened outside the Java Virtual Machine in native code.
# See problematic frame for where to report the bug.
#

---------------  T H R E A D  ---------------

Current thread (0x00007fbfab16d000):  JavaThread "Java2D Queue Flusher" daemon [_thread_in_native, id=55303, stack(0x00007000021f2000,0x00007000022f2000)]

siginfo: si_signo: 11 (SIGSEGV), si_code: 1 (SEGV_MAPERR), si_addr: 0x0000000000000002

Registers:
RAX=0x0000000129fda56a, RBX=0x0000000000000002, RCX=0x0000000000000047, RDX=0x0000000129fdaab4
RSP=0x00007000022f1750, RBP=0x00007000022f1770, RSI=0x00007fbfa9df58c0, RDI=0x00007fbfab16d1f8
R8 =0x0000000000000276, R9 =0xffffffff00000000, R10=0x000000010adf4478, R11=0x000000010adf5040
R12=0x0000000000000000, R13=0x00007000022f1908, R14=0x00007fbfab16d1f8, R15=0x00007fbfab16d000
RIP=0x0000000129fb8fc7, EFLAGS=0x0000000000010202, ERR=0x0000000000000004
  TRAPNO=0x000000000000000e

Top of Stack: (sp=0x00007000022f1750)
0x00007000022f1750:   00007fbfa9df58c0 0000000000000000
0x00007000022f1760:   00007fbfab16f610 00007fbfab16d000
0x00007000022f1770:   00007000022f17f0 0000000129fda592
0x00007000022f1780:   00007fbfa9f8b500 0000000200000001
0x00007000022f1790:   00007000022f18a0 00000001064ea700
0x00007000022f17a0:   0000000000000000 0000000000000000
0x00007000022f17b0:   00007000022f17f0 00007fbfab16f620
0x00007000022f17c0:   0000000100c53ac0 00007fbfab16d1f8
0x00007000022f17d0:   0000000161566da0 0000000000000000
0x00007000022f17e0:   00007000022f1988 00007fbfab16d000
0x00007000022f17f0:   00007000022f1840 000000010adf44ea
0x00007000022f1800:   00000005c002be78 000000010673d0ec
0x00007000022f1810:   0000000000000064 0000000000000000
0x00007000022f1820:   0000000000000064 00007fbfa9f49e78
0x00007000022f1830:   00007000022f1890 0000000106552b40
0x00007000022f1840:   00007000022f1960 000000010adf49fc
0x00007000022f1850:   0000000000000001 00007fbfa9f546c0
0x00007000022f1860:   00000005c0024500 00007fbfab16d000
0x00007000022f1870:   00007fbfab16d000 0000000129544a00
0x00007000022f1880:   00007000022f1988 00007fbfab16d000
0x00007000022f1890:   00007000022f18e0 000000010a9b6c68
0x00007000022f18a0:   00000005c002be78 000000010acbe6e6
0x00007000022f18b0:   00007000022f1960 000000010adf509c
0x00007000022f18c0:   000000015e7bf0bc 00007000022f1908
0x00007000022f18d0:   000000015e7bf138 0000000000000000
0x00007000022f18e0:   00007000022f1960 000000010a54c2bd
0x00007000022f18f0:   00007000022f1960 000000010a54c2bd
0x00007000022f1900:   000000010a54c2bd 00000005c002be78
0x00007000022f1910:   0000000000000001 00000005c00245b0
0x00007000022f1920:   00007000022f1910 0000000129c539b9
0x00007000022f1930:   00007000022f1988 0000000129c53dd8
0x00007000022f1940:   0000000000000000 0000000129c53ac0 

Instructions: (pc=0x0000000129fb8fc7)
0x0000000129fb8fa7:   c0 e9 82 00 00 00 48 8b 5e 10 48 85 db 75 0e bf
0x0000000129fb8fb7:   01 00 00 00 48 8d 15 cb 96 03 00 eb d6 49 89 fe
0x0000000129fb8fc7:   4c 8b 3b 30 c0 e8 ff bc 02 00 49 8b 3f 49 89 c4
0x0000000129fb8fd7:   48 8b 35 82 29 06 00 30 c0 e8 0b be 02 00 48 85 

Register to memory mapping:

RAX=0x0000000129fda56a: Java_sun_java2d_opengl_OGLRenderQueue_flushBuffer+0x612 in /Library/Java/JavaVirtualMachines/jdk1.8.0_202.jdk/Contents/Home/jre/lib/libawt_lwawt.dylib at 0x0000000129f9c000
RBX=0x0000000000000002 is an unknown value
RCX=0x0000000000000047 is an unknown value
RDX=0x0000000129fdaab4: Java_sun_java2d_opengl_OGLRenderQueue_flushBuffer+0xb5c in /Library/Java/JavaVirtualMachines/jdk1.8.0_202.jdk/Contents/Home/jre/lib/libawt_lwawt.dylib at 0x0000000129f9c000
RSP=0x00007000022f1750 is pointing into the stack for thread: 0x00007fbfab16d000
RBP=0x00007000022f1770 is pointing into the stack for thread: 0x00007fbfab16d000
RSI=0x00007fbfa9df58c0 is an unknown value
RDI=0x00007fbfab16d1f8 is an unknown value
R8 =0x0000000000000276 is an unknown value
R9 =0xffffffff00000000 is an unknown value
R10=0x000000010adf4478 is at entry_point+56 in (nmethod*)0x000000010adf42d0
R11=0x000000010adf5040 is at entry_point+0 in (nmethod*)0x000000010adf4ed0
R12=0x0000000000000000 is an unknown value
R13=0x00007000022f1908 is pointing into the stack for thread: 0x00007fbfab16d000
R14=0x00007fbfab16d1f8 is an unknown value
R15=0x00007fbfab16d000 is a thread


Stack: [0x00007000021f2000,0x00007000022f2000],  sp=0x00007000022f1750,  free space=1021k
Native frames: (J=compiled Java code, j=interpreted, Vv=VM code, C=native code)
C  [libawt_lwawt.dylib+0x1cfc7]  OGLSD_SetScratchSurface+0x49
C  [libawt_lwawt.dylib+0x3e592]  Java_sun_java2d_opengl_OGLRenderQueue_flushBuffer+0x63a
J 4023  sun.java2d.opengl.OGLRenderQueue.flushBuffer(JI)V (0 bytes) @ 0x000000010adf44ea [0x000000010adf4440+0xaa]
J 4021 C1 sun.java2d.opengl.OGLRenderQueue.flushBuffer()V (41 bytes) @ 0x000000010adf49fc [0x000000010adf47a0+0x25c]
J 4020 C1 sun.java2d.opengl.OGLRenderQueue.access$100(Lsun/java2d/opengl/OGLRenderQueue;)V (5 bytes) @ 0x000000010adf509c [0x000000010adf5040+0x5c]
j  sun.java2d.opengl.OGLRenderQueue$QueueFlusher.run()V+81
v  ~StubRoutines::call_stub
V  [libjvm.dylib+0x2f0d1e]  JavaCalls::call_helper(JavaValue*, methodHandle*, JavaCallArguments*, Thread*)+0x6ae
V  [libjvm.dylib+0x2f14c2]  JavaCalls::call_virtual(JavaValue*, KlassHandle, Symbol*, Symbol*, JavaCallArguments*, Thread*)+0x164
V  [libjvm.dylib+0x2f166e]  JavaCalls::call_virtual(JavaValue*, Handle, KlassHandle, Symbol*, Symbol*, Thread*)+0x4a
V  [libjvm.dylib+0x34bf5d]  thread_entry(JavaThread*, Thread*)+0x7c
V  [libjvm.dylib+0x570b93]  JavaThread::thread_main_inner()+0x9b
V  [libjvm.dylib+0x57228e]  JavaThread::run()+0x1c2
V  [libjvm.dylib+0x48f30a]  java_start(Thread*)+0xf6
C  [libsystem_pthread.dylib+0x32eb]  _pthread_body+0x7e
C  [libsystem_pthread.dylib+0x6249]  _pthread_start+0x42
C  [libsystem_pthread.dylib+0x240d]  thread_start+0xd
C  0x0000000000000000

Java frames: (J=compiled Java code, j=interpreted, Vv=VM code)
J 4023  sun.java2d.opengl.OGLRenderQueue.flushBuffer(JI)V (0 bytes) @ 0x000000010adf4478 [0x000000010adf4440+0x38]
J 4021 C1 sun.java2d.opengl.OGLRenderQueue.flushBuffer()V (41 bytes) @ 0x000000010adf49fc [0x000000010adf47a0+0x25c]
J 4020 C1 sun.java2d.opengl.OGLRenderQueue.access$100(Lsun/java2d/opengl/OGLRenderQueue;)V (5 bytes) @ 0x000000010adf509c [0x000000010adf5040+0x5c]
j  sun.java2d.opengl.OGLRenderQueue$QueueFlusher.run()V+81
v  ~StubRoutines::call_stub

---------------  P R O C E S S  ---------------

Java Threads: ( => current thread )
  0x00007fbfaccd4000 JavaThread "pool-1-thread-7" [_thread_blocked, id=58755, stack(0x000070000309f000,0x000070000319f000)]
  0x00007fbfaa3a9000 JavaThread "pool-1-thread-6" [_thread_blocked, id=43527, stack(0x0000700002f9c000,0x000070000309c000)]
  0x00007fbfaa3a8000 JavaThread "pool-1-thread-5" [_thread_blocked, id=31751, stack(0x0000700002e99000,0x0000700002f99000)]
  0x00007fbfaa3a7800 JavaThread "pool-1-thread-4" [_thread_blocked, id=39687, stack(0x0000700002d96000,0x0000700002e96000)]
  0x00007fbfaa3ae800 JavaThread "pool-1-thread-3" [_thread_blocked, id=85511, stack(0x0000700002c93000,0x0000700002d93000)]
  0x00007fbfaa3ad800 JavaThread "pool-1-thread-2" [_thread_blocked, id=47403, stack(0x0000700002b90000,0x0000700002c90000)]
  0x00007fbfaa343000 JavaThread "pool-1-thread-1" [_thread_blocked, id=85267, stack(0x0000700002a8d000,0x0000700002b8d000)]
  0x00007fbfac184000 JavaThread "jersey-sse-event-source-[http://creeper.ktwit.net:9000/api/events]-0" daemon [_thread_in_native, id=39471, stack(0x00007000024fb000,0x00007000025fb000)]
  0x00007fbfacbc4000 JavaThread "pool-3-thread-1" [_thread_blocked, id=63235, stack(0x000070000298a000,0x0000700002a8a000)]
  0x00007fbfac32c000 JavaThread "Connect thread creeper.ktwit.net session" [_thread_in_native, id=62267, stack(0x0000700002887000,0x0000700002987000)]
  0x00007fbfacbc9000 JavaThread "DestroyJavaVM" [_thread_blocked, id=5635, stack(0x0000700000b27000,0x0000700000c27000)]
  0x00007fbfaa280800 JavaThread "Connector-creeper.ktwit.net" [_thread_blocked, id=59395, stack(0x0000700002701000,0x0000700002801000)]
  0x00007fbf9a17a800 JavaThread "TimerQueue" daemon [_thread_blocked, id=58883, stack(0x00007000025fe000,0x00007000026fe000)]
  0x00007fbfac2da000 JavaThread "AWT-EventQueue-0" [_thread_blocked, id=58115, stack(0x00007000023f8000,0x00007000024f8000)]
  0x00007fbfac2be000 JavaThread "CreeperApiHttpClient" [_thread_blocked, id=57623, stack(0x00007000022f5000,0x00007000023f5000)]
=>0x00007fbfab16d000 JavaThread "Java2D Queue Flusher" daemon [_thread_in_native, id=55303, stack(0x00007000021f2000,0x00007000022f2000)]
  0x00007fbfaca9b800 JavaThread "Attach Listener" daemon [_thread_blocked, id=75791, stack(0x00007000020ef000,0x00007000021ef000)]
  0x00007fbf9a13c000 JavaThread "Java2D Disposer" daemon [_thread_blocked, id=52315, stack(0x0000700001fec000,0x00007000020ec000)]
  0x00007fbf9a117800 JavaThread "AWT-Shutdown" [_thread_blocked, id=36651, stack(0x0000700001d60000,0x0000700001e60000)]
  0x00007fbfaa107000 JavaThread "AppKit Thread" daemon [_thread_in_native, id=775, stack(0x00007ffee9ec9000,0x00007ffeea6c9000)]
  0x00007fbfaa096800 JavaThread "Service Thread" daemon [_thread_blocked, id=16643, stack(0x0000700001a54000,0x0000700001b54000)]
  0x00007fbfaa076000 JavaThread "C1 CompilerThread2" daemon [_thread_blocked, id=16899, stack(0x0000700001951000,0x0000700001a51000)]
  0x00007fbfaa075000 JavaThread "C2 CompilerThread1" daemon [_thread_blocked, id=14339, stack(0x000070000184e000,0x000070000194e000)]
  0x00007fbfaa074800 JavaThread "C2 CompilerThread0" daemon [_thread_blocked, id=14083, stack(0x000070000174b000,0x000070000184b000)]
  0x00007fbfac02a800 JavaThread "Monitor Ctrl-Break" daemon [_thread_in_native, id=13827, stack(0x0000700001648000,0x0000700001748000)]
  0x00007fbfaa816000 JavaThread "Signal Dispatcher" daemon [_thread_blocked, id=13571, stack(0x0000700001545000,0x0000700001645000)]
  0x00007fbf9a029800 JavaThread "Finalizer" daemon [_thread_blocked, id=19971, stack(0x0000700001442000,0x0000700001542000)]
  0x00007fbf9a028800 JavaThread "Reference Handler" daemon [_thread_blocked, id=12291, stack(0x000070000133f000,0x000070000143f000)]

Other Threads:
  0x00007fbfaa80d800 VMThread [stack: 0x000070000123c000,0x000070000133c000] [id=12035]
  0x00007fbf9a042000 WatcherThread [stack: 0x0000700001b57000,0x0000700001c57000] [id=16131]

VM state:not at safepoint (normal execution)

VM Mutex/Monitor currently owned by a thread: None

heap address: 0x00000005c0000000, size: 8192 MB, Compressed Oops mode: Zero based, Oop shift amount: 3
Narrow klass base: 0x0000000000000000, Narrow klass shift: 3
Compressed class space size: 1073741824 Address: 0x00000007c0000000

Heap:
 PSYoungGen      total 112128K, used 6981K [0x0000000715580000, 0x000000071d100000, 0x00000007c0000000)
  eden space 108032K, 3% used [0x0000000715580000,0x00000007158af908,0x000000071bf00000)
  from space 4096K, 90% used [0x000000071c080000,0x000000071c421d68,0x000000071c480000)
  to   space 9216K, 0% used [0x000000071c800000,0x000000071c800000,0x000000071d100000)
 ParOldGen       total 237056K, used 14858K [0x00000005c0000000, 0x00000005ce780000, 0x0000000715580000)
  object space 237056K, 6% used [0x00000005c0000000,0x00000005c0e82910,0x00000005ce780000)
 Metaspace       used 33174K, capacity 34016K, committed 34304K, reserved 1079296K
  class space    used 4100K, capacity 4292K, committed 4352K, reserved 1048576K

Card table byte_map: [0x00000001075b9000,0x00000001085ba000] byte_map_base: 0x00000001047b9000

Marking Bits: (ParMarkBitMap*) 0x0000000106afbe40
 Begin Bits: [0x0000000119544000, 0x0000000121544000)
 End Bits:   [0x0000000121544000, 0x0000000129544000)

Polling page: 0x00000001055af000

CodeCache: size=245760Kb used=16280Kb max_used=16317Kb free=229479Kb
 bounds [0x000000010a544000, 0x000000010b554000, 0x0000000119544000]
 total_blobs=5525 nmethods=4833 adapters=602
 compilation: enabled

Compilation events (10 events):
Event: 969.147 Thread 0x00007fbfaa076000 nmethod 5654 0x000000010ab8e350 code [0x000000010ab8e500, 0x000000010ab8eab8]
Event: 969.147 Thread 0x00007fbfaa076000 5652       3       javax.swing.text.html.CSSBorder::getBorderShape (73 bytes)
Event: 969.147 Thread 0x00007fbfaa076000 nmethod 5652 0x000000010af0e9d0 code [0x000000010af0ebc0, 0x000000010af0f4b8]
Event: 969.150 Thread 0x00007fbfaa074800 nmethod 5649 0x000000010b3db490 code [0x000000010b3db6e0, 0x000000010b3dc340]
Event: 993.073 Thread 0x00007fbfaa076000 5655       1       java.util.stream.AbstractPipeline::isParallel (8 bytes)
Event: 993.073 Thread 0x00007fbfaa076000 nmethod 5655 0x000000010aede7d0 code [0x000000010aede920, 0x000000010aedea30]
Event: 994.377 Thread 0x00007fbfaa075000 5656   !   4       sun.awt.PostEventQueue::flush (168 bytes)
Event: 994.400 Thread 0x00007fbfaa075000 nmethod 5656 0x000000010b546bd0 code [0x000000010b546f80, 0x000000010b549910]
Event: 998.575 Thread 0x00007fbfaa074800 5657       4       java.util.Collections$UnmodifiableCollection::contains (11 bytes)
Event: 998.575 Thread 0x00007fbfaa074800 nmethod 5657 0x000000010ab17250 code [0x000000010ab173a0, 0x000000010ab17438]

GC Heap History (10 events):
Event: 657.479 GC heap before
{Heap before GC invocations=14 (full 1):
 PSYoungGen      total 124416K, used 120266K [0x0000000715580000, 0x000000071db80000, 0x00000007c0000000)
  eden space 115712K, 100% used [0x0000000715580000,0x000000071c680000,0x000000071c680000)
  from space 8704K, 52% used [0x000000071d300000,0x000000071d772980,0x000000071db80000)
  to   space 10752K, 0% used [0x000000071c680000,0x000000071c680000,0x000000071d100000)
 ParOldGen       total 237056K, used 11373K [0x00000005c0000000, 0x00000005ce780000, 0x0000000715580000)
  object space 237056K, 4% used [0x00000005c0000000,0x00000005c0b1b4e0,0x00000005ce780000)
 Metaspace       used 33071K, capacity 33952K, committed 34048K, reserved 1079296K
  class space    used 4094K, capacity 4292K, committed 4352K, reserved 1048576K
Event: 657.481 GC heap after
Heap after GC invocations=14 (full 1):
 PSYoungGen      total 118784K, used 4365K [0x0000000715580000, 0x000000071da00000, 0x00000007c0000000)
  eden space 114176K, 0% used [0x0000000715580000,0x0000000715580000,0x000000071c500000)
  from space 4608K, 94% used [0x000000071c680000,0x000000071cac3418,0x000000071cb00000)
  to   space 10752K, 0% used [0x000000071cf80000,0x000000071cf80000,0x000000071da00000)
 ParOldGen       total 237056K, used 11381K [0x00000005c0000000, 0x00000005ce780000, 0x0000000715580000)
  object space 237056K, 4% used [0x00000005c0000000,0x00000005c0b1d4e0,0x00000005ce780000)
 Metaspace       used 33071K, capacity 33952K, committed 34048K, reserved 1079296K
  class space    used 4094K, capacity 4292K, committed 4352K, reserved 1048576K
}
Event: 751.008 GC heap before
{Heap before GC invocations=15 (full 1):
 PSYoungGen      total 118784K, used 118541K [0x0000000715580000, 0x000000071da00000, 0x00000007c0000000)
  eden space 114176K, 100% used [0x0000000715580000,0x000000071c500000,0x000000071c500000)
  from space 4608K, 94% used [0x000000071c680000,0x000000071cac3418,0x000000071cb00000)
  to   space 10752K, 0% used [0x000000071cf80000,0x000000071cf80000,0x000000071da00000)
 ParOldGen       total 237056K, used 11381K [0x00000005c0000000, 0x00000005ce780000, 0x0000000715580000)
  object space 237056K, 4% used [0x00000005c0000000,0x00000005c0b1d4e0,0x00000005ce780000)
 Metaspace       used 33079K, capacity 33952K, committed 34048K, reserved 1079296K
  class space    used 4094K, capacity 4292K, committed 4352K, reserved 1048576K
Event: 751.009 GC heap after
Heap after GC invocations=15 (full 1):
 PSYoungGen      total 120832K, used 4369K [0x0000000715580000, 0x000000071d780000, 0x00000007c0000000)
  eden space 112640K, 0% used [0x0000000715580000,0x0000000715580000,0x000000071c380000)
  from space 8192K, 53% used [0x000000071cf80000,0x000000071d3c4418,0x000000071d780000)
  to   space 10240K, 0% used [0x000000071c380000,0x000000071c380000,0x000000071cd80000)
 ParOldGen       total 237056K, used 11389K [0x00000005c0000000, 0x00000005ce780000, 0x0000000715580000)
  object space 237056K, 4% used [0x00000005c0000000,0x00000005c0b1f4e0,0x00000005ce780000)
 Metaspace       used 33079K, capacity 33952K, committed 34048K, reserved 1079296K
  class space    used 4094K, capacity 4292K, committed 4352K, reserved 1048576K
}
Event: 844.531 GC heap before
{Heap before GC invocations=16 (full 1):
 PSYoungGen      total 120832K, used 117009K [0x0000000715580000, 0x000000071d780000, 0x00000007c0000000)
  eden space 112640K, 100% used [0x0000000715580000,0x000000071c380000,0x000000071c380000)
  from space 8192K, 53% used [0x000000071cf80000,0x000000071d3c4418,0x000000071d780000)
  to   space 10240K, 0% used [0x000000071c380000,0x000000071c380000,0x000000071cd80000)
 ParOldGen       total 237056K, used 11389K [0x00000005c0000000, 0x00000005ce780000, 0x0000000715580000)
  object space 237056K, 4% used [0x00000005c0000000,0x00000005c0b1f4e0,0x00000005ce780000)
 Metaspace       used 33089K, capacity 33952K, committed 34048K, reserved 1079296K
  class space    used 4094K, capacity 4292K, committed 4352K, reserved 1048576K
Event: 844.534 GC heap after
Heap after GC invocations=16 (full 1):
 PSYoungGen      total 115712K, used 4353K [0x0000000715580000, 0x000000071d500000, 0x00000007c0000000)
  eden space 111104K, 0% used [0x0000000715580000,0x0000000715580000,0x000000071c200000)
  from space 4608K, 94% used [0x000000071c380000,0x000000071c7c0418,0x000000071c800000)
  to   space 9728K, 0% used [0x000000071cb80000,0x000000071cb80000,0x000000071d500000)
 ParOldGen       total 237056K, used 11397K [0x00000005c0000000, 0x00000005ce780000, 0x0000000715580000)
  object space 237056K, 4% used [0x00000005c0000000,0x00000005c0b214e0,0x00000005ce780000)
 Metaspace       used 33089K, capacity 33952K, committed 34048K, reserved 1079296K
  class space    used 4094K, capacity 4292K, committed 4352K, reserved 1048576K
}
Event: 934.293 GC heap before
{Heap before GC invocations=17 (full 1):
 PSYoungGen      total 115712K, used 115457K [0x0000000715580000, 0x000000071d500000, 0x00000007c0000000)
  eden space 111104K, 100% used [0x0000000715580000,0x000000071c200000,0x000000071c200000)
  from space 4608K, 94% used [0x000000071c380000,0x000000071c7c0418,0x000000071c800000)
  to   space 9728K, 0% used [0x000000071cb80000,0x000000071cb80000,0x000000071d500000)
 ParOldGen       total 237056K, used 11397K [0x00000005c0000000, 0x00000005ce780000, 0x0000000715580000)
  object space 237056K, 4% used [0x00000005c0000000,0x00000005c0b214e0,0x00000005ce780000)
 Metaspace       used 33089K, capacity 33952K, committed 34048K, reserved 1079296K
  class space    used 4094K, capacity 4292K, committed 4352K, reserved 1048576K
Event: 934.294 GC heap after
Heap after GC invocations=17 (full 1):
 PSYoungGen      total 117760K, used 4337K [0x0000000715580000, 0x000000071d380000, 0x00000007c0000000)
  eden space 109568K, 0% used [0x0000000715580000,0x0000000715580000,0x000000071c080000)
  from space 8192K, 52% used [0x000000071cb80000,0x000000071cfbc408,0x000000071d380000)
  to   space 9728K, 0% used [0x000000071c080000,0x000000071c080000,0x000000071ca00000)
 ParOldGen       total 237056K, used 11405K [0x00000005c0000000, 0x00000005ce780000, 0x0000000715580000)
  object space 237056K, 4% used [0x00000005c0000000,0x00000005c0b234e0,0x00000005ce780000)
 Metaspace       used 33089K, capacity 33952K, committed 34048K, reserved 1079296K
  class space    used 4094K, capacity 4292K, committed 4352K, reserved 1048576K
}
Event: 1004.076 GC heap before
{Heap before GC invocations=18 (full 1):
 PSYoungGen      total 117760K, used 113905K [0x0000000715580000, 0x000000071d380000, 0x00000007c0000000)
  eden space 109568K, 100% used [0x0000000715580000,0x000000071c080000,0x000000071c080000)
  from space 8192K, 52% used [0x000000071cb80000,0x000000071cfbc408,0x000000071d380000)
  to   space 9728K, 0% used [0x000000071c080000,0x000000071c080000,0x000000071ca00000)
 ParOldGen       total 237056K, used 11405K [0x00000005c0000000, 0x00000005ce780000, 0x0000000715580000)
  object space 237056K, 4% used [0x00000005c0000000,0x00000005c0b234e0,0x00000005ce780000)
 Metaspace       used 33174K, capacity 34016K, committed 34304K, reserved 1079296K
  class space    used 4100K, capacity 4292K, committed 4352K, reserved 1048576K
Event: 1004.078 GC heap after
Heap after GC invocations=18 (full 1):
 PSYoungGen      total 112128K, used 3719K [0x0000000715580000, 0x000000071d100000, 0x00000007c0000000)
  eden space 108032K, 0% used [0x0000000715580000,0x0000000715580000,0x000000071bf00000)
  from space 4096K, 90% used [0x000000071c080000,0x000000071c421d68,0x000000071c480000)
  to   space 9216K, 0% used [0x000000071c800000,0x000000071c800000,0x000000071d100000)
 ParOldGen       total 237056K, used 14858K [0x00000005c0000000, 0x00000005ce780000, 0x0000000715580000)
  object space 237056K, 6% used [0x00000005c0000000,0x00000005c0e82910,0x00000005ce780000)
 Metaspace       used 33174K, capacity 34016K, committed 34304K, reserved 1079296K
  class space    used 4100K, capacity 4292K, committed 4352K, reserved 1048576K
}

Deoptimization events (10 events):
Event: 963.046 Thread 0x00007fbfaa107000 Uncommon trap: reason=class_check action=maybe_recompile pc=0x000000010a684d24 method=sun.java2d.opengl.OGLRenderer.validateContext(Lsun/java2d/SunGraphics2D;)V @ 23
Event: 963.049 Thread 0x00007fbfac2da000 Uncommon trap: reason=class_check action=maybe_recompile pc=0x000000010b46cfa0 method=sun.java2d.SunGraphics2D.checkFontInfo(Lsun/java2d/loops/FontInfo;Ljava/awt/Font;Ljava/awt/font/FontRenderContext;)Lsun/java2d/loops/FontInfo; @ 622
Event: 963.049 Thread 0x00007fbfac2da000 Uncommon trap: reason=bimorphic action=maybe_recompile pc=0x000000010af4e220 method=sun.java2d.SunGraphics2D.validatePipe()V @ 25
Event: 963.057 Thread 0x00007fbfac2da000 Uncommon trap: reason=unstable_if action=reinterpret pc=0x000000010b323890 method=java.awt.EventQueue.getPriority(Ljava/awt/AWTEvent;)I @ 71
Event: 963.066 Thread 0x00007fbfac2da000 Uncommon trap: reason=bimorphic action=maybe_recompile pc=0x000000010b3fa7b4 method=sun.java2d.SunGraphics2D.validateColor()V @ 95
Event: 963.066 Thread 0x00007fbfac2da000 Uncommon trap: reason=bimorphic action=maybe_recompile pc=0x000000010a7bd0b0 method=sun.java2d.SunGraphics2D.validateColor()V @ 95
Event: 963.096 Thread 0x00007fbfac2da000 Uncommon trap: reason=unstable_if action=reinterpret pc=0x000000010add76b0 method=java.util.HashMap$HashIterator.<init>(Ljava/util/HashMap;)V @ 45
Event: 969.026 Thread 0x00007fbfaa107000 Uncommon trap: reason=class_check action=maybe_recompile pc=0x000000010a700eec method=java.util.HashMap.removeNode(ILjava/lang/Object;Ljava/lang/Object;ZZ)Ljava/util/HashMap$Node; @ 68
Event: 969.109 Thread 0x00007fbfaa107000 Uncommon trap: reason=class_check action=maybe_recompile pc=0x000000010a684d24 method=sun.java2d.opengl.OGLRenderer.validateContext(Lsun/java2d/SunGraphics2D;)V @ 23
Event: 969.113 Thread 0x00007fbfaa107000 Uncommon trap: reason=class_check action=maybe_recompile pc=0x000000010b278bcc method=sun.java2d.opengl.OGLRenderer.validateContext(Lsun/java2d/SunGraphics2D;)V @ 23

Classes redefined (0 events):
No events

Internal exceptions (10 events):
Event: 10.992 Thread 0x00007fbf9a029800 Exception <a 'java/lang/NullPointerException'> (0x0000000715bb84d0) thrown at [/Users/java_re/workspace/8-2-build-macosx-x86_64/jdk8u202/12323/hotspot/src/share/vm/interpreter/linkResolver.cpp, line 1185]
Event: 10.995 Thread 0x00007fbfac2da000 Implicit null exception at 0x000000010af49797 to 0x000000010af4ae89
Event: 10.995 Thread 0x00007fbfac2da000 Implicit null exception at 0x000000010af3f07b to 0x000000010af3f9a9
Event: 11.660 Thread 0x00007fbfac2da000 Implicit null exception at 0x000000010af945f7 to 0x000000010af94ea9
Event: 11.662 Thread 0x00007fbfac2da000 Implicit null exception at 0x000000010afa1db7 to 0x000000010afa3421
Event: 27.643 Thread 0x00007fbfac2da000 Implicit null exception at 0x000000010b3d809c to 0x000000010b3e1759
Event: 101.663 Thread 0x00007fbfaa3a8000 Exception <a 'java/lang/NullPointerException'> (0x0000000717666120) thrown at [/Users/java_re/workspace/8-2-build-macosx-x86_64/jdk8u202/12323/hotspot/src/share/vm/interpreter/linkResolver.cpp, line 1185]
Event: 164.435 Thread 0x00007fbfaa3a9000 Exception <a 'java/lang/NullPointerException'> (0x0000000715598bd8) thrown at [/Users/java_re/workspace/8-2-build-macosx-x86_64/jdk8u202/12323/hotspot/src/share/vm/interpreter/linkResolver.cpp, line 1185]
Event: 963.035 Thread 0x00007fbfaa107000 Implicit null exception at 0x000000010afcc117 to 0x000000010afcd9a9
Event: 963.035 Thread 0x00007fbfaa107000 Implicit null exception at 0x000000010a697dcc to 0x000000010a697f1d

Events (10 events):
Event: 969.026 Thread 0x00007fbfaa107000 DEOPT PACKING pc=0x000000010a700eec sp=0x00007ffeea6c2980
Event: 969.026 Thread 0x00007fbfaa107000 DEOPT UNPACKING pc=0x000000010a58973a sp=0x00007ffeea6c2910 mode 2
Event: 969.109 Thread 0x00007fbfaa107000 Uncommon trap: trap_request=0xffffffde fr.pc=0x000000010a684d24
Event: 969.109 Thread 0x00007fbfaa107000 DEOPT PACKING pc=0x000000010a684d24 sp=0x00007ffeea6c2540
Event: 969.109 Thread 0x00007fbfaa107000 DEOPT UNPACKING pc=0x000000010a58973a sp=0x00007ffeea6c24a8 mode 2
Event: 969.113 Thread 0x00007fbfaa107000 Uncommon trap: trap_request=0xffffffde fr.pc=0x000000010b278bcc
Event: 969.113 Thread 0x00007fbfaa107000 DEOPT PACKING pc=0x000000010b278bcc sp=0x00007ffeea6c24b0
Event: 969.113 Thread 0x00007fbfaa107000 DEOPT UNPACKING pc=0x000000010a58973a sp=0x00007ffeea6c2490 mode 2
Event: 1004.076 Executing VM operation: ParallelGCFailedAllocation
Event: 1004.078 Executing VM operation: ParallelGCFailedAllocation done


Dynamic libraries:
0x00007fff2fee8000 	/System/Library/Frameworks/Cocoa.framework/Versions/A/Cocoa
0x00007fff3bc8c000 	/System/Library/Frameworks/Security.framework/Versions/A/Security
0x00007fff2eb7b000 	/System/Library/Frameworks/ApplicationServices.framework/Versions/A/ApplicationServices
0x00007fff5bda3000 	/usr/lib/libz.1.dylib
0x00007fff596fd000 	/usr/lib/libSystem.B.dylib
0x00007fff5af34000 	/usr/lib/libobjc.A.dylib
0x00007fff3075d000 	/System/Library/Frameworks/CoreFoundation.framework/Versions/A/CoreFoundation
0x00007fff329e0000 	/System/Library/Frameworks/Foundation.framework/Versions/C/Foundation
0x00007fff2dd74000 	/System/Library/Frameworks/AppKit.framework/Versions/C/AppKit
0x00007fff302e6000 	/System/Library/Frameworks/CoreData.framework/Versions/A/CoreData
0x00007fff531c3000 	/System/Library/PrivateFrameworks/RemoteViewServices.framework/Versions/A/RemoteViewServices
0x00007fff5743a000 	/System/Library/PrivateFrameworks/UIFoundation.framework/Versions/A/UIFoundation
0x00007fff58b1e000 	/System/Library/PrivateFrameworks/XCTTargetBootstrap.framework/Versions/A/XCTTargetBootstrap
0x00007fff3066c000 	/System/Library/Frameworks/CoreDisplay.framework/Versions/A/CoreDisplay
0x00007fff4ded4000 	/System/Library/PrivateFrameworks/IconServices.framework/Versions/A/IconServices
0x00007fff35301000 	/System/Library/Frameworks/Metal.framework/Versions/A/Metal
0x00007fff45417000 	/System/Library/PrivateFrameworks/DesktopServicesPriv.framework/Versions/A/DesktopServicesPriv
0x00007fff5a297000 	/usr/lib/libenergytrace.dylib
0x00007fff55921000 	/System/Library/PrivateFrameworks/SkyLight.framework/Versions/A/SkyLight
0x00007fff30ba4000 	/System/Library/Frameworks/CoreGraphics.framework/Versions/A/CoreGraphics
0x00007fff2cb40000 	/System/Library/Frameworks/Accelerate.framework/Versions/A/Accelerate
0x00007fff33129000 	/System/Library/Frameworks/IOSurface.framework/Versions/A/IOSurface
0x00007fff45283000 	/System/Library/PrivateFrameworks/DFRFoundation.framework/Versions/A/DFRFoundation
0x00007fff2f05e000 	/System/Library/Frameworks/AudioToolbox.framework/Versions/A/AudioToolbox
0x00007fff2f2d7000 	/System/Library/Frameworks/AudioUnit.framework/Versions/A/AudioUnit
0x00007fff45318000 	/System/Library/PrivateFrameworks/DataDetectorsCore.framework/Versions/A/DataDetectorsCore
0x00007fff2f9eb000 	/System/Library/Frameworks/Carbon.framework/Versions/A/Frameworks/HIToolbox.framework/Versions/A/HIToolbox
0x00007fff5a3f0000 	/usr/lib/libicucore.A.dylib
0x00007fff3b200000 	/System/Library/Frameworks/QuartzCore.framework/Versions/A/QuartzCore
0x00007fff2fdc0000 	/System/Library/Frameworks/Carbon.framework/Versions/A/Frameworks/SpeechRecognition.framework/Versions/A/SpeechRecognition
0x00007fff59851000 	/usr/lib/libauto.dylib
0x00007fff5bc97000 	/usr/lib/libxml2.2.dylib
0x00007fff44e5e000 	/System/Library/PrivateFrameworks/CoreUI.framework/Versions/A/CoreUI
0x00007fff301d1000 	/System/Library/Frameworks/CoreAudio.framework/Versions/A/CoreAudio
0x00007fff32815000 	/System/Library/Frameworks/DiskArbitration.framework/Versions/A/DiskArbitration
0x00007fff5a69e000 	/usr/lib/liblangid.dylib
0x00007fff4f304000 	/System/Library/PrivateFrameworks/MultitouchSupport.framework/Versions/A/MultitouchSupport
0x00007fff33098000 	/System/Library/Frameworks/IOKit.framework/Versions/A/IOKit
0x00007fff592bd000 	/usr/lib/libDiagnosticMessagesClient.dylib
0x00007fff319b3000 	/System/Library/Frameworks/CoreServices.framework/Versions/A/CoreServices
0x00007fff50fbe000 	/System/Library/PrivateFrameworks/PerformanceAnalysis.framework/Versions/A/PerformanceAnalysis
0x00007fff3a3ee000 	/System/Library/Frameworks/OpenGL.framework/Versions/A/OpenGL
0x00007fff2fef6000 	/System/Library/Frameworks/ColorSync.framework/Versions/A/ColorSync
0x00007fff31235000 	/System/Library/Frameworks/CoreImage.framework/Versions/A/CoreImage
0x00007fff3238b000 	/System/Library/Frameworks/CoreText.framework/Versions/A/CoreText
0x00007fff3318c000 	/System/Library/Frameworks/ImageIO.framework/Versions/A/ImageIO
0x00007fff414b0000 	/System/Library/PrivateFrameworks/Backup.framework/Versions/A/Backup
0x00007fff597a4000 	/usr/lib/libarchive.2.dylib
0x00007fff2f630000 	/System/Library/Frameworks/CFNetwork.framework/Versions/A/CFNetwork
0x00007fff3c3e8000 	/System/Library/Frameworks/SystemConfiguration.framework/Versions/A/SystemConfiguration
0x00007fff591ee000 	/usr/lib/libCRFSuite.dylib
0x00007fff59940000 	/usr/lib/libc++.1.dylib
0x00007fff59994000 	/usr/lib/libc++abi.dylib
0x00007fff5c599000 	/usr/lib/system/libcache.dylib
0x00007fff5c59e000 	/usr/lib/system/libcommonCrypto.dylib
0x00007fff5c5a9000 	/usr/lib/system/libcompiler_rt.dylib
0x00007fff5c5b1000 	/usr/lib/system/libcopyfile.dylib
0x00007fff5c5bb000 	/usr/lib/system/libcorecrypto.dylib
0x00007fff5c6c6000 	/usr/lib/system/libdispatch.dylib
0x00007fff5c700000 	/usr/lib/system/libdyld.dylib
0x00007fff5c72d000 	/usr/lib/system/libkeymgr.dylib
0x00007fff5c73b000 	/usr/lib/system/liblaunch.dylib
0x00007fff5c73c000 	/usr/lib/system/libmacho.dylib
0x00007fff5c742000 	/usr/lib/system/libquarantine.dylib
0x00007fff5c745000 	/usr/lib/system/libremovefile.dylib
0x00007fff5c747000 	/usr/lib/system/libsystem_asl.dylib
0x00007fff5c75f000 	/usr/lib/system/libsystem_blocks.dylib
0x00007fff5c760000 	/usr/lib/system/libsystem_c.dylib
0x00007fff5c7e8000 	/usr/lib/system/libsystem_configuration.dylib
0x00007fff5c7ec000 	/usr/lib/system/libsystem_coreservices.dylib
0x00007fff5c7f0000 	/usr/lib/system/libsystem_darwin.dylib
0x00007fff5c7f7000 	/usr/lib/system/libsystem_dnssd.dylib
0x00007fff5c7fe000 	/usr/lib/system/libsystem_info.dylib
0x00007fff5c873000 	/usr/lib/system/libsystem_m.dylib
0x00007fff5c8bf000 	/usr/lib/system/libsystem_malloc.dylib
0x00007fff5c8ea000 	/usr/lib/system/libsystem_networkextension.dylib
0x00007fff5c8f5000 	/usr/lib/system/libsystem_notify.dylib
0x00007fff5c912000 	/usr/lib/system/libsystem_sandbox.dylib
0x00007fff5c916000 	/usr/lib/system/libsystem_secinit.dylib
0x00007fff5c84a000 	/usr/lib/system/libsystem_kernel.dylib
0x00007fff5c8fd000 	/usr/lib/system/libsystem_platform.dylib
0x00007fff5c907000 	/usr/lib/system/libsystem_pthread.dylib
0x00007fff5c919000 	/usr/lib/system/libsystem_symptoms.dylib
0x00007fff5c921000 	/usr/lib/system/libsystem_trace.dylib
0x00007fff5c938000 	/usr/lib/system/libunwind.dylib
0x00007fff5c93e000 	/usr/lib/system/libxpc.dylib
0x00007fff59921000 	/usr/lib/libbsm.0.dylib
0x00007fff5c72e000 	/usr/lib/system/libkxld.dylib
0x00007fff408a1000 	/System/Library/PrivateFrameworks/AppleFSCompression.framework/Versions/A/AppleFSCompression
0x00007fff595bd000 	/usr/lib/libOpenScriptingUtil.dylib
0x00007fff59c49000 	/usr/lib/libcoretls.dylib
0x00007fff59c60000 	/usr/lib/libcoretls_cfhelpers.dylib
0x00007fff5b6cb000 	/usr/lib/libpam.2.dylib
0x00007fff5b88b000 	/usr/lib/libsqlite3.dylib
0x00007fff5bc85000 	/usr/lib/libxar.1.dylib
0x00007fff59932000 	/usr/lib/libbz2.1.0.dylib
0x00007fff5a6a0000 	/usr/lib/liblzma.5.dylib
0x00007fff5ab51000 	/usr/lib/libnetwork.dylib
0x00007fff5978d000 	/usr/lib/libapple_nghttp2.dylib
0x00007fff5b6d2000 	/usr/lib/libpcap.A.dylib
0x00007fff31d52000 	/System/Library/Frameworks/CoreServices.framework/Versions/A/Frameworks/FSEvents.framework/Versions/A/FSEvents
0x00007fff31a31000 	/System/Library/Frameworks/CoreServices.framework/Versions/A/Frameworks/CarbonCore.framework/Versions/A/CarbonCore
0x00007fff31f0d000 	/System/Library/Frameworks/CoreServices.framework/Versions/A/Frameworks/Metadata.framework/Versions/A/Metadata
0x00007fff31fac000 	/System/Library/Frameworks/CoreServices.framework/Versions/A/Frameworks/OSServices.framework/Versions/A/OSServices
0x00007fff31ff7000 	/System/Library/Frameworks/CoreServices.framework/Versions/A/Frameworks/SearchKit.framework/Versions/A/SearchKit
0x00007fff319b4000 	/System/Library/Frameworks/CoreServices.framework/Versions/A/Frameworks/AE.framework/Versions/A/AE
0x00007fff31d5b000 	/System/Library/Frameworks/CoreServices.framework/Versions/A/Frameworks/LaunchServices.framework/Versions/A/LaunchServices
0x00007fff31d09000 	/System/Library/Frameworks/CoreServices.framework/Versions/A/Frameworks/DictionaryServices.framework/Versions/A/DictionaryServices
0x00007fff3205f000 	/System/Library/Frameworks/CoreServices.framework/Versions/A/Frameworks/SharedFileList.framework/Versions/A/SharedFileList
0x00007fff363c9000 	/System/Library/Frameworks/NetFS.framework/Versions/A/NetFS
0x00007fff4f56a000 	/System/Library/PrivateFrameworks/NetAuth.framework/Versions/A/NetAuth
0x00007fff58f22000 	/System/Library/PrivateFrameworks/login.framework/Versions/A/Frameworks/loginsupport.framework/Versions/A/loginsupport
0x00007fff57043000 	/System/Library/PrivateFrameworks/TCC.framework/Versions/A/TCC
0x00007fff444bb000 	/System/Library/PrivateFrameworks/CoreNLP.framework/Versions/A/CoreNLP
0x00007fff4efda000 	/System/Library/PrivateFrameworks/MetadataUtilities.framework/Versions/A/MetadataUtilities
0x00007fff5a775000 	/usr/lib/libmecabra.dylib
0x00007fff2eb7c000 	/System/Library/Frameworks/ApplicationServices.framework/Versions/A/Frameworks/ATS.framework/Versions/A/ATS
0x00007fff2eecb000 	/System/Library/Frameworks/ApplicationServices.framework/Versions/A/Frameworks/ColorSyncLegacy.framework/Versions/A/ColorSyncLegacy
0x00007fff2ef6a000 	/System/Library/Frameworks/ApplicationServices.framework/Versions/A/Frameworks/HIServices.framework/Versions/A/HIServices
0x00007fff2efbd000 	/System/Library/Frameworks/ApplicationServices.framework/Versions/A/Frameworks/LangAnalysis.framework/Versions/A/LangAnalysis
0x00007fff2efcd000 	/System/Library/Frameworks/ApplicationServices.framework/Versions/A/Frameworks/PrintCore.framework/Versions/A/PrintCore
0x00007fff2f017000 	/System/Library/Frameworks/ApplicationServices.framework/Versions/A/Frameworks/QD.framework/Versions/A/QD
0x00007fff2f051000 	/System/Library/Frameworks/ApplicationServices.framework/Versions/A/Frameworks/SpeechSynthesis.framework/Versions/A/SpeechSynthesis
0x00007fff599bc000 	/usr/lib/libcompression.dylib
0x00007fff355d1000 	/System/Library/Frameworks/MetalPerformanceShaders.framework/Versions/A/MetalPerformanceShaders
0x00007fff2cb58000 	/System/Library/Frameworks/Accelerate.framework/Versions/A/Frameworks/vImage.framework/Versions/A/vImage
0x00007fff2dbd2000 	/System/Library/Frameworks/Accelerate.framework/Versions/A/Frameworks/vecLib.framework/Versions/A/vecLib
0x00007fff2db1e000 	/System/Library/Frameworks/Accelerate.framework/Versions/A/Frameworks/vecLib.framework/Versions/A/libvMisc.dylib
0x00007fff2d936000 	/System/Library/Frameworks/Accelerate.framework/Versions/A/Frameworks/vecLib.framework/Versions/A/libvDSP.dylib
0x00007fff2d1f2000 	/System/Library/Frameworks/Accelerate.framework/Versions/A/Frameworks/vecLib.framework/Versions/A/libBLAS.dylib
0x00007fff2d4df000 	/System/Library/Frameworks/Accelerate.framework/Versions/A/Frameworks/vecLib.framework/Versions/A/libLAPACK.dylib
0x00007fff2d889000 	/System/Library/Frameworks/Accelerate.framework/Versions/A/Frameworks/vecLib.framework/Versions/A/libLinearAlgebra.dylib
0x00007fff2d922000 	/System/Library/Frameworks/Accelerate.framework/Versions/A/Frameworks/vecLib.framework/Versions/A/libSparseBLAS.dylib
0x00007fff2d89f000 	/System/Library/Frameworks/Accelerate.framework/Versions/A/Frameworks/vecLib.framework/Versions/A/libQuadrature.dylib
0x00007fff2d46c000 	/System/Library/Frameworks/Accelerate.framework/Versions/A/Frameworks/vecLib.framework/Versions/A/libBNNS.dylib
0x00007fff2d8a5000 	/System/Library/Frameworks/Accelerate.framework/Versions/A/Frameworks/vecLib.framework/Versions/A/libSparse.dylib
0x00007fff4b809000 	/System/Library/PrivateFrameworks/GPUWrangler.framework/Versions/A/GPUWrangler
0x00007fff4db09000 	/System/Library/PrivateFrameworks/IOAccelerator.framework/Versions/A/IOAccelerator
0x00007fff4db14000 	/System/Library/PrivateFrameworks/IOPresentment.framework/Versions/A/IOPresentment
0x00007fff45293000 	/System/Library/PrivateFrameworks/DSExternalDisplay.framework/Versions/A/DSExternalDisplay
0x00007fff39845000 	/System/Library/Frameworks/OpenGL.framework/Versions/A/Libraries/libCoreFSCache.dylib
0x00007fff353c5000 	/System/Library/Frameworks/MetalPerformanceShaders.framework/Frameworks/MPSCore.framework/Versions/A/MPSCore
0x00007fff353e5000 	/System/Library/Frameworks/MetalPerformanceShaders.framework/Frameworks/MPSImage.framework/Versions/A/MPSImage
0x00007fff3548a000 	/System/Library/Frameworks/MetalPerformanceShaders.framework/Frameworks/MPSNeuralNetwork.framework/Versions/A/MPSNeuralNetwork
0x00007fff35462000 	/System/Library/Frameworks/MetalPerformanceShaders.framework/Frameworks/MPSMatrix.framework/Versions/A/MPSMatrix
0x00007fff355b6000 	/System/Library/Frameworks/MetalPerformanceShaders.framework/Frameworks/MPSRayIntersector.framework/Versions/A/MPSRayIntersector
0x00007fff4f003000 	/System/Library/PrivateFrameworks/MetalTools.framework/Versions/A/MetalTools
0x00007fff4014b000 	/System/Library/PrivateFrameworks/AggregateDictionary.framework/Versions/A/AggregateDictionary
0x00007fff5959d000 	/usr/lib/libMobileGestalt.dylib
0x00007fff324ee000 	/System/Library/Frameworks/CoreVideo.framework/Versions/A/CoreVideo
0x00007fff4c61a000 	/System/Library/PrivateFrameworks/GraphVisualizer.framework/Versions/A/GraphVisualizer
0x00007fff46499000 	/System/Library/PrivateFrameworks/FaceCore.framework/Versions/A/FaceCore
0x00007fff38e73000 	/System/Library/Frameworks/OpenCL.framework/Versions/A/OpenCL
0x00007fff592f5000 	/usr/lib/libFosl_dynamic.dylib
0x00007fff4fdd5000 	/System/Library/PrivateFrameworks/OTSVG.framework/Versions/A/OTSVG
0x00007fff2ec80000 	/System/Library/Frameworks/ApplicationServices.framework/Versions/A/Frameworks/ATS.framework/Versions/A/Resources/libFontParser.dylib
0x00007fff2ed98000 	/System/Library/Frameworks/ApplicationServices.framework/Versions/A/Frameworks/ATS.framework/Versions/A/Resources/libFontRegistry.dylib
0x00007fff333fa000 	/System/Library/Frameworks/ImageIO.framework/Versions/A/Resources/libJPEG.dylib
0x00007fff3370c000 	/System/Library/Frameworks/ImageIO.framework/Versions/A/Resources/libTIFF.dylib
0x00007fff336e2000 	/System/Library/Frameworks/ImageIO.framework/Versions/A/Resources/libPng.dylib
0x00007fff33318000 	/System/Library/Frameworks/ImageIO.framework/Versions/A/Resources/libGIF.dylib
0x00007fff3331d000 	/System/Library/Frameworks/ImageIO.framework/Versions/A/Resources/libJP2.dylib
0x00007fff33709000 	/System/Library/Frameworks/ImageIO.framework/Versions/A/Resources/libRadiance.dylib
0x00007fff409f8000 	/System/Library/PrivateFrameworks/AppleJPEG.framework/Versions/A/AppleJPEG
0x00007fff39850000 	/System/Library/Frameworks/OpenGL.framework/Versions/A/Libraries/libGFXShared.dylib
0x00007fff39a13000 	/System/Library/Frameworks/OpenGL.framework/Versions/A/Libraries/libGLU.dylib
0x00007fff39859000 	/System/Library/Frameworks/OpenGL.framework/Versions/A/Libraries/libGL.dylib
0x00007fff39865000 	/System/Library/Frameworks/OpenGL.framework/Versions/A/Libraries/libGLImage.dylib
0x00007fff39842000 	/System/Library/Frameworks/OpenGL.framework/Versions/A/Libraries/libCVMSPluginSupport.dylib
0x00007fff3984b000 	/System/Library/Frameworks/OpenGL.framework/Versions/A/Libraries/libCoreVMClient.dylib
0x00007fff5a10d000 	/usr/lib/libcups.2.dylib
0x00007fff348cc000 	/System/Library/Frameworks/Kerberos.framework/Versions/A/Kerberos
0x00007fff32dfc000 	/System/Library/Frameworks/GSS.framework/Versions/A/GSS
0x00007fff5b820000 	/usr/lib/libresolv.9.dylib
0x00007fff5a2ff000 	/usr/lib/libiconv.2.dylib
0x00007fff4c78f000 	/System/Library/PrivateFrameworks/Heimdal.framework/Versions/A/Heimdal
0x00007fff5a2cf000 	/usr/lib/libheimdal-asn1.dylib
0x00007fff38ee7000 	/System/Library/Frameworks/OpenDirectory.framework/Versions/A/OpenDirectory
0x00007fff4321e000 	/System/Library/PrivateFrameworks/CommonAuth.framework/Versions/A/CommonAuth
0x00007fff38ecb000 	/System/Library/Frameworks/OpenDirectory.framework/Versions/A/Frameworks/CFOpenDirectory.framework/Versions/A/CFOpenDirectory
0x00007fff3bf8d000 	/System/Library/Frameworks/SecurityFoundation.framework/Versions/A/SecurityFoundation
0x00007fff3f691000 	/System/Library/PrivateFrameworks/APFS.framework/Versions/A/APFS
0x00007fff5bc81000 	/usr/lib/libutil.dylib
0x00007fff599aa000 	/usr/lib/libcharset.1.dylib
0x00007fff40c95000 	/System/Library/PrivateFrameworks/AppleSauce.framework/Versions/A/AppleSauce
0x00007fff40e16000 	/System/Library/PrivateFrameworks/AssertionServices.framework/Versions/A/AssertionServices
0x00007fff41546000 	/System/Library/PrivateFrameworks/BaseBoard.framework/Versions/A/BaseBoard
0x00007fff5a6d0000 	/usr/lib/libmecab.1.0.0.dylib
0x00007fff5a2c9000 	/usr/lib/libgermantok.dylib
0x00007fff5977a000 	/usr/lib/libThaiTokenizer.dylib
0x00007fff59225000 	/usr/lib/libChineseTokenizer.dylib
0x00007fff4e1c1000 	/System/Library/PrivateFrameworks/LanguageModeling.framework/Versions/A/LanguageModeling
0x00007fff43f00000 	/System/Library/PrivateFrameworks/CoreEmoji.framework/Versions/A/CoreEmoji
0x00007fff4e29d000 	/System/Library/PrivateFrameworks/Lexicon.framework/Versions/A/Lexicon
0x00007fff4e2e0000 	/System/Library/PrivateFrameworks/LinguisticData.framework/Versions/A/LinguisticData
0x00007fff599ab000 	/usr/lib/libcmph.dylib
0x00007fff3c04b000 	/System/Library/Frameworks/ServiceManagement.framework/Versions/A/ServiceManagement
0x00007fff414a7000 	/System/Library/PrivateFrameworks/BackgroundTaskManagement.framework/Versions/A/BackgroundTaskManagement
0x00007fff5bd7a000 	/usr/lib/libxslt.1.dylib
0x00007fff2fced000 	/System/Library/Frameworks/Carbon.framework/Versions/A/Frameworks/Ink.framework/Versions/A/Ink
0x00007fff572b5000 	/System/Library/PrivateFrameworks/TextureIO.framework/Versions/A/TextureIO
0x00007fff597ce000 	/usr/lib/libate.dylib
0x00007fff451e2000 	/System/Library/PrivateFrameworks/CrashReporterSupport.framework/Versions/A/CrashReporterSupport
0x00007fff549ef000 	/System/Library/PrivateFrameworks/Sharing.framework/Versions/A/Sharing
0x00007fff411f9000 	/System/Library/PrivateFrameworks/AuthKit.framework/Versions/A/AuthKit
0x00007fff4074d000 	/System/Library/PrivateFrameworks/Apple80211.framework/Versions/A/Apple80211
0x00007fff44f8a000 	/System/Library/PrivateFrameworks/CoreUtils.framework/Versions/A/CoreUtils
0x00007fff3252f000 	/System/Library/Frameworks/CoreWLAN.framework/Versions/A/CoreWLAN
0x00007fff32f2b000 	/System/Library/Frameworks/IOBluetooth.framework/Versions/A/IOBluetooth
0x00007fff52e5f000 	/System/Library/PrivateFrameworks/ProtocolBuffer.framework/Versions/A/ProtocolBuffer
0x00007fff4f260000 	/System/Library/PrivateFrameworks/MobileKeyBag.framework/Versions/A/MobileKeyBag
0x00007fff447ce000 	/System/Library/PrivateFrameworks/CorePhoneNumbers.framework/Versions/A/CorePhoneNumbers
0x00007fff409ac000 	/System/Library/PrivateFrameworks/AppleIDAuthSupport.framework/Versions/A/AppleIDAuthSupport
0x00007fff4e194000 	/System/Library/PrivateFrameworks/KeychainCircle.framework/Versions/A/KeychainCircle
0x00007fff53015000 	/System/Library/PrivateFrameworks/ROCKit.framework/Versions/A/ROCKit
0x00007fff4517e000 	/System/Library/PrivateFrameworks/CoreWiFi.framework/Versions/A/CoreWiFi
0x00007fff302bb000 	/System/Library/Frameworks/CoreBluetooth.framework/Versions/A/CoreBluetooth
0x00007fff453d9000 	/System/Library/PrivateFrameworks/DebugSymbols.framework/Versions/A/DebugSymbols
0x00007fff44d4a000 	/System/Library/PrivateFrameworks/CoreSymbolication.framework/Versions/A/CoreSymbolication
0x00007fff56ad0000 	/System/Library/PrivateFrameworks/Symbolication.framework/Versions/A/Symbolication
0x00007fff56373000 	/System/Library/PrivateFrameworks/SpeechRecognitionCore.framework/Versions/A/SpeechRecognitionCore
0x0000000106200000 	/Library/Java/JavaVirtualMachines/jdk1.8.0_202.jdk/Contents/Home/jre/lib/server/libjvm.dylib
0x00007fff5bb5c000 	/usr/lib/libstdc++.6.dylib
0x000000010556b000 	/Library/Java/JavaVirtualMachines/jdk1.8.0_202.jdk/Contents/Home/jre/lib/libverify.dylib
0x0000000105579000 	/Library/Java/JavaVirtualMachines/jdk1.8.0_202.jdk/Contents/Home/jre/lib/libjava.dylib
0x00000001055b0000 	/Library/Java/JavaVirtualMachines/jdk1.8.0_202.jdk/Contents/Home/jre/lib/libinstrument.dylib
0x00000001055dc000 	/Library/Java/JavaVirtualMachines/jdk1.8.0_202.jdk/Contents/Home/jre/lib/libzip.dylib
0x0000000129e10000 	/Library/Java/JavaVirtualMachines/jdk1.8.0_202.jdk/Contents/Home/jre/lib/libnet.dylib
0x0000000129e27000 	/Library/Java/JavaVirtualMachines/jdk1.8.0_202.jdk/Contents/Home/jre/lib/libawt.dylib
0x0000000129ed0000 	/Library/Java/JavaVirtualMachines/jdk1.8.0_202.jdk/Contents/Home/jre/lib/./libmlib_image.dylib
0x00007fff348b5000 	/System/Library/Frameworks/JavaVM.framework/Versions/A/Frameworks/JavaNativeFoundation.framework/Versions/A/JavaNativeFoundation
0x00007fff348be000 	/System/Library/Frameworks/JavaVM.framework/Versions/A/Frameworks/JavaRuntimeSupport.framework/Versions/A/JavaRuntimeSupport
0x00007fff348c7000 	/System/Library/Frameworks/JavaVM.framework/Versions/A/JavaVM
0x00007fff4e0b3000 	/System/Library/PrivateFrameworks/JavaLaunching.framework/Versions/A/JavaLaunching
0x00007fff2f9e6000 	/System/Library/Frameworks/Carbon.framework/Versions/A/Carbon
0x00007fff2f9e7000 	/System/Library/Frameworks/Carbon.framework/Versions/A/Frameworks/CommonPanels.framework/Versions/A/CommonPanels
0x00007fff2fce3000 	/System/Library/Frameworks/Carbon.framework/Versions/A/Frameworks/Help.framework/Versions/A/Help
0x00007fff2fce7000 	/System/Library/Frameworks/Carbon.framework/Versions/A/Frameworks/ImageCapture.framework/Versions/A/ImageCapture
0x00007fff2fd83000 	/System/Library/Frameworks/Carbon.framework/Versions/A/Frameworks/OpenScripting.framework/Versions/A/OpenScripting
0x00007fff2fdbb000 	/System/Library/Frameworks/Carbon.framework/Versions/A/Frameworks/Print.framework/Versions/A/Print
0x00007fff2fdbd000 	/System/Library/Frameworks/Carbon.framework/Versions/A/Frameworks/SecurityHI.framework/Versions/A/SecurityHI
0x0000000129f9c000 	/Library/Java/JavaVirtualMachines/jdk1.8.0_202.jdk/Contents/Home/jre/lib/libawt_lwawt.dylib
0x000000012a057000 	/Library/Java/JavaVirtualMachines/jdk1.8.0_202.jdk/Contents/Home/jre/lib/./libosxapp.dylib
0x00007fff329b9000 	/System/Library/Frameworks/ExceptionHandling.framework/Versions/A/ExceptionHandling
0x00007fff44952000 	/System/Library/PrivateFrameworks/CoreServicesInternal.framework/Versions/A/CoreServicesInternal
0x00007fff24ebe000 	/System/Library/CoreServices/RawCamera.bundle/Contents/MacOS/RawCamera
0x00007fff4f0a7000 	/System/Library/PrivateFrameworks/MobileAsset.framework/Versions/A/MobileAsset
0x00007fff56a1e000 	/System/Library/PrivateFrameworks/StreamingZip.framework/Versions/A/StreamingZip
0x00007fff34c59000 	/System/Library/Frameworks/MediaToolbox.framework/Versions/A/MediaToolbox
0x00007fff43aa4000 	/System/Library/PrivateFrameworks/CoreAVCHD.framework/Versions/A/CoreAVCHD
0x00007fff34b9f000 	/System/Library/Frameworks/MediaAccessibility.framework/Versions/A/MediaAccessibility
0x00007fff4eb03000 	/System/Library/PrivateFrameworks/Mangrove.framework/Versions/A/Mangrove
0x00007fff31852000 	/System/Library/Frameworks/CoreMedia.framework/Versions/A/CoreMedia
0x00007fff3c6b4000 	/System/Library/Frameworks/VideoToolbox.framework/Versions/A/VideoToolbox
0x00007fff436c0000 	/System/Library/PrivateFrameworks/CoreAUC.framework/Versions/A/CoreAUC
0x00007fff5b889000 	/usr/lib/libspindump.dylib
0x00007fff40d7b000 	/System/Library/PrivateFrameworks/AppleVA.framework/Versions/A/AppleVA
0x00007fff2cb41000 	/System/Library/Frameworks/Accelerate.framework/Versions/A/Frameworks/vImage.framework/Versions/A/Libraries/libCGInterfaces.dylib
0x00007fff2ee34000 	/System/Library/Frameworks/ApplicationServices.framework/Versions/A/Frameworks/ATS.framework/Versions/A/Resources/libTrueTypeScaler.dylib
0x00007fff2521a000 	/System/Library/Extensions/AMDMTLBronzeDriver.bundle/Contents/MacOS/AMDMTLBronzeDriver
0x00007fff4daff000 	/System/Library/PrivateFrameworks/IOAccelMemoryInfo.framework/Versions/A/IOAccelMemoryInfo
0x00007fff4a168000 	/System/Library/PrivateFrameworks/GPUCompiler.framework/Versions/3902/Libraries/libmetal_timestamp.dylib
0x00007fff468be000 	/System/Library/PrivateFrameworks/FamilyControls.framework/Versions/A/FamilyControls
0x00007fff43211000 	/System/Library/PrivateFrameworks/CommerceKit.framework/Versions/A/Frameworks/CommerceCore.framework/Versions/A/CommerceCore
0x00007fff56da3000 	/System/Library/PrivateFrameworks/SystemAdministration.framework/Versions/A/SystemAdministration
0x00007fff4064e000 	/System/Library/PrivateFrameworks/AppContainer.framework/Versions/A/AppContainer
0x00007fff4066a000 	/System/Library/PrivateFrameworks/AppSandbox.framework/Versions/A/AppSandbox
0x00007fff54890000 	/System/Library/PrivateFrameworks/SecCodeWrapper.framework/Versions/A/SecCodeWrapper
0x00007fff5b83a000 	/usr/lib/libsandbox.1.dylib
0x00007fff5956c000 	/usr/lib/libMatch.1.dylib
0x00007fff4575e000 	/System/Library/PrivateFrameworks/DiskManagement.framework/Versions/A/DiskManagement
0x00007fff32735000 	/System/Library/Frameworks/DirectoryService.framework/Versions/A/DirectoryService
0x00007fff4568f000 	/System/Library/PrivateFrameworks/DiskImages.framework/Versions/A/DiskImages
0x00007fff4e3d9000 	/System/Library/PrivateFrameworks/LoginUIKit.framework/Versions/A/Frameworks/LoginUICore.framework/Versions/A/LoginUICore
0x00007fff59230000 	/usr/lib/libCoreStorage.dylib
0x00007fff5a0fa000 	/usr/lib/libcsfde.dylib
0x00007fff5b6ba000 	/usr/lib/libodfde.dylib
0x00007fff4ec1b000 	/System/Library/PrivateFrameworks/MediaKit.framework/Versions/A/MediaKit
0x00007fff32741000 	/System/Library/Frameworks/DiscRecording.framework/Versions/A/DiscRecording
0x00007fff458d2000 	/System/Library/PrivateFrameworks/EFILogin.framework/Versions/A/EFILogin
0x00007fff52e0a000 	/System/Library/PrivateFrameworks/ProtectedCloudStorage.framework/Versions/A/ProtectedCloudStorage
0x00007fff5a18c000 	/usr/lib/libcurl.4.dylib
0x00007fff59ff9000 	/usr/lib/libcrypto.42.dylib
0x00007fff5bb2c000 	/usr/lib/libssl.44.dylib
0x00007fff348e6000 	/System/Library/Frameworks/LDAP.framework/Versions/A/LDAP
0x00007fff57433000 	/System/Library/PrivateFrameworks/TrustEvaluationAgent.framework/Versions/A/TrustEvaluationAgent
0x00007fff5b876000 	/usr/lib/libsasl2.2.dylib
0x00007fff43cfd000 	/System/Library/PrivateFrameworks/CoreDaemon.framework/Versions/B/CoreDaemon
0x00007fff40c90000 	/System/Library/PrivateFrameworks/AppleSRP.framework/Versions/A/AppleSRP
0x00007fff5826d000 	/System/Library/PrivateFrameworks/ViewBridge.framework/Versions/A/ViewBridge
0x000000012dd5a000 	/Library/Java/JavaVirtualMachines/jdk1.8.0_202.jdk/Contents/Home/jre/lib/libosxui.dylib
0x000000012e77e000 	/Library/Java/JavaVirtualMachines/jdk1.8.0_202.jdk/Contents/Home/jre/lib/libfontmanager.dylib
0x000000012e8f5000 	/Library/Java/JavaVirtualMachines/jdk1.8.0_202.jdk/Contents/Home/jre/lib/libnio.dylib
0x00007fff3a3fe000 	/System/Library/Frameworks/OpenGL.framework/Versions/A/Resources/GLEngine.bundle/GLEngine
0x00007fff398a0000 	/System/Library/Frameworks/OpenGL.framework/Versions/A/Libraries/libGLProgrammability.dylib
0x000000015d8a2000 	/System/Library/Extensions/AMDRadeonX4000GLDriver.bundle/Contents/MacOS/AMDRadeonX4000GLDriver
0x00007fff4b7fd000 	/System/Library/PrivateFrameworks/GPUSupport.framework/Versions/A/Libraries/libGPUSupportMercury.dylib
0x00007fff25327000 	/System/Library/Extensions/AMDRadeonX4000GLDriver.bundle/Contents/MacOS/ATIRadeonX4000SCLib.dylib
0x00007fff3a596000 	/System/Library/Frameworks/OpenGL.framework/Versions/A/Resources/GLRendererFloat.bundle/GLRendererFloat
0x00007fff38e6a000 	/System/Library/Frameworks/OpenCL.framework/Versions/A/Libraries/libcldcpuengine.dylib
0x00007fff59dff000 	/usr/lib/libcrypto.35.dylib
0x000000015e0a2000 	/Library/Java/JavaVirtualMachines/jdk1.8.0_202.jdk/Contents/Home/jre/lib/libsunec.dylib
0x000000015e8d0000 	/usr/lib/libobjc-trampolines.dylib
0x000000016040d000 	/Library/Java/JavaVirtualMachines/jdk1.8.0_202.jdk/Contents/Home/jre/lib/libdcpr.dylib
0x00007fff58f25000 	/System/Library/PrivateFrameworks/login.framework/Versions/A/login

VM Arguments:
jvm_args: -javaagent:/Applications/IntelliJ IDEA CE.app/Contents/lib/idea_rt.jar=61402:/Applications/IntelliJ IDEA CE.app/Contents/bin -Dfile.encoding=UTF-8 
java_command: com.comadante.creeper.cclient.Creeper
java_class_path (initial): /Library/Java/JavaVirtualMachines/jdk1.8.0_202.jdk/Contents/Home/jre/lib/charsets.jar:/Library/Java/JavaVirtualMachines/jdk1.8.0_202.jdk/Contents/Home/jre/lib/deploy.jar:/Library/Java/JavaVirtualMachines/jdk1.8.0_202.jdk/Contents/Home/jre/lib/ext/cldrdata.jar:/Library/Java/JavaVirtualMachines/jdk1.8.0_202.jdk/Contents/Home/jre/lib/ext/dnsns.jar:/Library/Java/JavaVirtualMachines/jdk1.8.0_202.jdk/Contents/Home/jre/lib/ext/jaccess.jar:/Library/Java/JavaVirtualMachines/jdk1.8.0_202.jdk/Contents/Home/jre/lib/ext/jfxrt.jar:/Library/Java/JavaVirtualMachines/jdk1.8.0_202.jdk/Contents/Home/jre/lib/ext/localedata.jar:/Library/Java/JavaVirtualMachines/jdk1.8.0_202.jdk/Contents/Home/jre/lib/ext/nashorn.jar:/Library/Java/JavaVirtualMachines/jdk1.8.0_202.jdk/Contents/Home/jre/lib/ext/sunec.jar:/Library/Java/JavaVirtualMachines/jdk1.8.0_202.jdk/Contents/Home/jre/lib/ext/sunjce_provider.jar:/Library/Java/JavaVirtualMachines/jdk1.8.0_202.jdk/Contents/Home/jre/lib/ext/sunpkcs11.jar:/Library/Java/JavaVirtualMachines/jdk1.8.0_202.jdk/Contents/Home/jre/lib/ext/zipfs.jar:/Library/Java/JavaVirtualMachines/jdk1.8.0_202.jdk/Contents/Home/jre/lib/javaws.jar:/Library/Java/JavaVirtualMachines/jdk1.8.0_202.jdk/Contents/Home/jre/lib/jce.jar:/Library/Java/JavaVirtualMachines/jdk1.8.0_202.jdk/Contents/Home/jre/lib/jfr.jar:/Library/Java/JavaVirtualMachines/jdk1.8.0_202.jdk/Contents/Home/jre/lib/jfxswt.jar:/Library/Java/JavaVirtualMachines/jdk1.8.0_202.jdk/Contents/Home/jre/lib/jsse.jar:/Library/Java/JavaVirtualMachines/jdk1.8.0_202.jdk/Contents/Home/jre/lib/management-agent.jar:/Library/Java/JavaVirtualMachines/jdk1.8.0_202.jdk/Contents/Home/jre/lib/plugin.jar:/Library/Java/JavaVirtualMachines/jdk1.8.0_202.jdk/Contents/Home/jre/lib/resources.jar:/Library/Java/JavaVirtualMachines/jdk1.8.0_202.jdk/Contents/Home/jre/lib/rt.jar:/Library/Java/JavaVirtualMachines/jdk1.8.0_202.jdk/Contents/Home/lib/ant-javafx.jar:/Library/Java/JavaVirtualMachines/jdk1.8.0_202.jdk/Contents/Home
Launcher Type: SUN_STANDARD

Environment Variables:
PATH=/usr/local/bin:/usr/bin:/bin:/usr/sbin:/sbin:/Library/Frameworks/Mono.framework/Versions/Current/Commands
SHELL=/bin/zsh

Signal Handlers:
SIGSEGV: [libjvm.dylib+0x5b719d], sa_mask[0]=11111111011111110111111111111111, sa_flags=SA_ONSTACK|SA_RESTART|SA_SIGINFO
SIGBUS: [libjvm.dylib+0x5b719d], sa_mask[0]=11111111011111110111111111111111, sa_flags=SA_RESTART|SA_SIGINFO
SIGFPE: [libjvm.dylib+0x48c8fc], sa_mask[0]=11111111011111110111111111111111, sa_flags=SA_RESTART|SA_SIGINFO
SIGPIPE: [libjvm.dylib+0x48c8fc], sa_mask[0]=11111111011111110111111111111111, sa_flags=SA_RESTART|SA_SIGINFO
SIGXFSZ: [libjvm.dylib+0x48c8fc], sa_mask[0]=11111111011111110111111111111111, sa_flags=SA_RESTART|SA_SIGINFO
SIGILL: [libjvm.dylib+0x48c8fc], sa_mask[0]=11111111011111110111111111111111, sa_flags=SA_RESTART|SA_SIGINFO
SIGUSR1: SIG_DFL, sa_mask[0]=00000000000000000000000000000000, sa_flags=none
SIGUSR2: [libjvm.dylib+0x48c41a], sa_mask[0]=00100000000000000000000000000000, sa_flags=SA_RESTART|SA_SIGINFO
SIGHUP: [libjvm.dylib+0x48a9a5], sa_mask[0]=11111111011111110111111111111111, sa_flags=SA_RESTART|SA_SIGINFO
SIGINT: [libjvm.dylib+0x48a9a5], sa_mask[0]=11111111011111110111111111111111, sa_flags=SA_RESTART|SA_SIGINFO
SIGTERM: [libjvm.dylib+0x48a9a5], sa_mask[0]=11111111011111110111111111111111, sa_flags=SA_RESTART|SA_SIGINFO
SIGQUIT: [libjvm.dylib+0x48a9a5], sa_mask[0]=11111111011111110111111111111111, sa_flags=SA_RESTART|SA_SIGINFO


---------------  S Y S T E M  ---------------

OS:Bsduname:Darwin 18.7.0 Darwin Kernel Version 18.7.0: Tue Aug 20 16:57:14 PDT 2019; root:xnu-4903.271.2~2/RELEASE_X86_64 x86_64
rlimit: STACK 8192k, CORE 0k, NPROC 2837, NOFILE 10240, AS infinity
load average:2.50 2.31 2.36

CPU:total 6 (initial active 6) (6 cores per cpu, 1 threads per core) family 6 model 158 stepping 12, cmov, cx8, fxsr, mmx, sse, sse2, sse3, ssse3, sse4.1, sse4.2, popcnt, avx, avx2, aes, clmul, erms, rtm, 3dnowpref, lzcnt, tsc, tscinvbit, bmi1, bmi2, adx

Memory: 4k page, physical 33554432k(1423276k free)

/proc/meminfo:


vm_info: Java HotSpot(TM) 64-Bit Server VM (25.202-b08) for bsd-amd64 JRE (1.8.0_202-b08), built on Dec 15 2018 20:16:16 by "java_re" with gcc 4.2.1 (Based on Apple Inc. build 5658) (LLVM build 2336.11.00)

time: Fri Jun 12 15:02:58 2020
timezone: PDT
elapsed time: 1004 seconds (0d 0h 16m 44s)

